[debug] [2020-11-23T11:38:53.065Z] ----------------------------------------------------------------------
[debug] [2020-11-23T11:38:53.066Z] Command:       C:\Program Files\nodejs\node.exe C:\Users\kubas\AppData\Roaming\npm\node_modules\firebase-tools\lib\bin\firebase.js init
[debug] [2020-11-23T11:38:53.067Z] CLI Version:   8.16.2
[debug] [2020-11-23T11:38:53.067Z] Platform:      win32
[debug] [2020-11-23T11:38:53.067Z] Node Version:  v12.18.3
[debug] [2020-11-23T11:38:53.068Z] Time:          Mon Nov 23 2020 12:38:53 GMT+0100 (GMT+01:00)
[debug] [2020-11-23T11:38:53.068Z] ----------------------------------------------------------------------
[debug] [2020-11-23T11:38:53.068Z] 
[debug] [2020-11-23T11:38:53.070Z] >>> [apiv2][query] GET https://firebase-public.firebaseio.com/cli.json [none]
[debug] [2020-11-23T11:38:53.089Z] > command requires scopes: ["email","openid","https://www.googleapis.com/auth/cloudplatformprojects.readonly","https://www.googleapis.com/auth/firebase","https://www.googleapis.com/auth/cloud-platform"]
[debug] [2020-11-23T11:38:53.089Z] > authorizing via signed-in user
[info] 
     ######## #### ########  ######## ########     ###     ######  ########
     ##        ##  ##     ## ##       ##     ##  ##   ##  ##       ##
     ######    ##  ########  ######   ########  #########  ######  ######
     ##        ##  ##    ##  ##       ##     ## ##     ##       ## ##
     ##       #### ##     ## ######## ########  ##     ##  ######  ########

You're about to initialize a Firebase project in this directory:

  C:\Users\kubas\Desktop\Projects_React\netflix-clone react

[debug] [2020-11-23T11:38:53.555Z] <<< [apiv2][status] GET https://firebase-public.firebaseio.com/cli.json 200
[debug] [2020-11-23T11:38:53.556Z] <<< [apiv2][body] GET https://firebase-public.firebaseio.com/cli.json {"cloudBuildErrorAfter":1594252800000,"cloudBuildWarnAfter":1590019200000,"defaultNode10After":1594252800000,"minVersion":"3.0.5","node8DeploysDisabledAfter":1613390400000,"node8RuntimeDisabledAfter":1615809600000,"node8WarnAfter":1600128000000}
